3/30/2020 12:07:50 PM	This log contains information about the import schema operation into project 'Northwind DB' on computer 'LAPTOP-UR2PUUT5' by user 'VamsheeKrishna'.
3/30/2020 12:07:50 PM	Import of database schema has started.
3/30/2020 12:07:52 PM	Gathering database credentials
3/30/2020 12:07:52 PM	Gathering database options
3/30/2020 12:07:52 PM	Gathering generic database scoped configuration option
3/30/2020 12:07:52 PM	Gathering users
3/30/2020 12:07:52 PM	Gathering roles
3/30/2020 12:07:52 PM	Gathering application roles
3/30/2020 12:07:52 PM	Gathering role memberships
3/30/2020 12:07:52 PM	Gathering filegroups
3/30/2020 12:07:52 PM	Gathering full-text catalogs
3/30/2020 12:07:52 PM	Gathering assemblies
3/30/2020 12:07:52 PM	Gathering certificates
3/30/2020 12:07:52 PM	Gathering asymmetric keys
3/30/2020 12:07:52 PM	Gathering symmetric keys
3/30/2020 12:07:52 PM	Gathering encrypted symmetric keys
3/30/2020 12:07:52 PM	Gathering schemas
3/30/2020 12:07:52 PM	Gathering XML schema collections
3/30/2020 12:07:52 PM	Gathering user-defined data types
3/30/2020 12:07:52 PM	Gathering user-defined types
3/30/2020 12:07:52 PM	Gathering table types
3/30/2020 12:07:52 PM	Gathering unique keys for table types
3/30/2020 12:07:52 PM	Gathering primary keys for table types
3/30/2020 12:07:52 PM	Gathering indexes for table types
3/30/2020 12:07:52 PM	Gathering check constraints for table types
3/30/2020 12:07:52 PM	Gathering default constraints for table types
3/30/2020 12:07:52 PM	Gathering partition functions
3/30/2020 12:07:52 PM	Gathering partition schemes
3/30/2020 12:07:52 PM	Gathering functions
3/30/2020 12:07:52 PM	Gathering encrypted functions
3/30/2020 12:07:52 PM	Gathering aggregates
3/30/2020 12:07:52 PM	Gathering procedures
3/30/2020 12:07:52 PM	Gathering encrypted procedures
3/30/2020 12:07:52 PM	Gathering tables
3/30/2020 12:07:52 PM	Gathering primary keys
3/30/2020 12:07:52 PM	Gathering unique constraints
3/30/2020 12:07:52 PM	Gathering foreign keys
3/30/2020 12:07:52 PM	Gathering default constraints
3/30/2020 12:07:52 PM	Gathering check constraints
3/30/2020 12:07:52 PM	Gathering views
3/30/2020 12:07:52 PM	Gathering encrypted views
3/30/2020 12:07:52 PM	Gathering indexes
3/30/2020 12:07:52 PM	Gathering statistics
3/30/2020 12:07:52 PM	Gathering full-text index stoplists
3/30/2020 12:07:52 PM	Gathering search property lists
3/30/2020 12:07:52 PM	Gathering search properties
3/30/2020 12:07:52 PM	Gathering full-text indexes
3/30/2020 12:07:52 PM	Gathering column store indexes
3/30/2020 12:07:52 PM	Gathering spatial indexes
3/30/2020 12:07:52 PM	Gathering XML indexes
3/30/2020 12:07:52 PM	Gathering Selective XML indexes
3/30/2020 12:07:52 PM	Gathering encrypted triggers
3/30/2020 12:07:52 PM	Gathering triggers
3/30/2020 12:07:52 PM	Gathering encrypted and clr ddl triggers
3/30/2020 12:07:52 PM	Gathering ddl triggers
3/30/2020 12:07:52 PM	Gathering synonyms
3/30/2020 12:07:52 PM	Gathering defaults
3/30/2020 12:07:52 PM	Gathering data constraint uddt bindings
3/30/2020 12:07:52 PM	Gathering rules
3/30/2020 12:07:52 PM	Gathering data constraint uddt bindings
3/30/2020 12:07:52 PM	Gathering message types
3/30/2020 12:07:52 PM	Gathering queues
3/30/2020 12:07:52 PM	Gathering contracts
3/30/2020 12:07:52 PM	Gathering services
3/30/2020 12:07:52 PM	Gathering event notifications
3/30/2020 12:07:52 PM	Gathering remote service bindings
3/30/2020 12:07:52 PM	Gathering broker priorities
3/30/2020 12:07:52 PM	Gathering signatures
3/30/2020 12:07:52 PM	Gathering data compression options
3/30/2020 12:07:52 PM	Gathering sequence types
3/30/2020 12:07:52 PM	Gathering security policies
3/30/2020 12:07:52 PM	Gather column encryption keys
3/30/2020 12:07:52 PM	Gathering column master keys
3/30/2020 12:07:52 PM	Gathering external data sources
3/30/2020 12:07:52 PM	Gathering external file formats
3/30/2020 12:07:52 PM	Gathering external tables
3/30/2020 12:07:52 PM	Gathering extended properties
3/30/2020 12:07:52 PM	Gathering credentials
3/30/2020 12:07:52 PM	Gathering logins
3/30/2020 12:07:52 PM	Gathering server audits
3/30/2020 12:07:54 PM	Scanning project for duplicate elements
3/30/2020 12:07:55 PM	Finished duplicate element processing
3/30/2020 12:07:56 PM	Finished importing database.
3/30/2020 12:07:56 PM	A summary of the import was saved to the following location: C:\Users\VamsheeKrishna\Desktop\M2_Exercises\Northwind DB\Import Schema Logs\Northwind DB_20200330063750.log
3/30/2020 12:07:56 PM	Click Finish to continue...
